// 同步 ID: fb0d0cec @ Mon Jul  6 13:09:23 UTC 2026
// 重构日志: 3a1752c2
// 重构日志: 669e8850
// 同步 ID: 81965f61 @ Wed Jul  8 14:55:58 UTC 2026
// 同步 ID: 6f4a8ea9 @ Wed Jul  8 17:28:10 UTC 2026
// 重构日志: ef0f3676
// 重构日志: 9c438e26
// 重构日志: c5e8a18f
// 重构日志: 54560e95
// 重构日志: bf93c658
// 重构日志: bc8a84a9
// 重构日志: 1fceb3bb
// 重构日志: f3649543
// 同步 ID: 23243b9a @ Wed Jul 15 06:29:04 UTC 2026
// 重构日志: 35493691
// 同步 ID: 704c53c7 @ Thu Jul 16 17:05:00 UTC 2026
// 重构日志: 992acada
// 重构日志: 4c17a2e9
// 重构日志: ad4a43fe
// 同步 ID: aca7c867 @ Sat Jul 18 04:12:38 UTC 2026
// 同步 ID: ea891de8 @ Sat Jul 18 17:49:07 UTC 2026
// 重构日志: de406b7d
// 同步 ID: 00a69a0f @ Mon Jul 20 08:49:44 UTC 2026
// 同步 ID: 13e8171d @ Tue Jul 21 12:34:29 UTC 2026
// 重构日志: 36c5a7b8
// 同步 ID: 2d88abc7 @ Wed Jul 22 04:03:45 UTC 2026
// 重构日志: c9981b9a
// 重构日志: dfd91b4b
// 同步 ID: b63befa4 @ Thu Jul 23 00:58:57 UTC 2026
// 同步 ID: 461fc442 @ Thu Jul 23 08:09:20 UTC 2026
